[M::bwa_idx_load_from_disk] read 0 ALT contigs
[M::process] read 111112 sequences (10000080 bp)...
[M::process] read 111112 sequences (10000080 bp)...
[M::mem_process_seqs] Processed 111112 reads in 14.896 CPU sec, 14.819 real sec
[M::process] read 111112 sequences (10000080 bp)...
[M::mem_process_seqs] Processed 111112 reads in 15.056 CPU sec, 14.946 real sec
[M::process] read 111112 sequences (10000080 bp)...
[M::mem_process_seqs] Processed 111112 reads in 15.212 CPU sec, 15.093 real sec
[M::process] read 111112 sequences (10000080 bp)...
[M::mem_process_seqs] Processed 111112 reads in 15.736 CPU sec, 15.613 real sec
[M::process] read 111112 sequences (10000080 bp)...
[M::mem_process_seqs] Processed 111112 reads in 15.944 CPU sec, 15.854 real sec
[M::process] read 111112 sequences (10000080 bp)...
[M::mem_process_seqs] Processed 111112 reads in 15.424 CPU sec, 15.308 real sec
[M::process] read 111112 sequences (10000080 bp)...
[M::mem_process_seqs] Processed 111112 reads in 15.868 CPU sec, 15.701 real sec
[M::process] read 111112 sequences (10000080 bp)...
[M::mem_process_seqs] Processed 111112 reads in 15.364 CPU sec, 15.241 real sec
[M::process] read 111112 sequences (10000080 bp)...
[M::mem_process_seqs] Processed 111112 reads in 15.816 CPU sec, 15.734 real sec
[M::process] read 111112 sequences (10000080 bp)...
[M::mem_process_seqs] Processed 111112 reads in 15.668 CPU sec, 15.551 real sec
[M::process] read 111112 sequences (10000080 bp)...
[M::mem_process_seqs] Processed 111112 reads in 16.992 CPU sec, 16.856 real sec
[M::process] read 111112 sequences (10000080 bp)...
[M::mem_process_seqs] Processed 111112 reads in 16.624 CPU sec, 16.496 real sec
[M::process] read 111112 sequences (10000080 bp)...
[M::mem_process_seqs] Processed 111112 reads in 15.128 CPU sec, 15.005 real sec
[M::process] read 111112 sequences (10000080 bp)...
[M::mem_process_seqs] Processed 111112 reads in 15.076 CPU sec, 14.969 real sec
[M::process] read 111112 sequences (10000080 bp)...
[M::mem_process_seqs] Processed 111112 reads in 15.316 CPU sec, 15.151 real sec
[M::process] read 111112 sequences (10000080 bp)...
[M::mem_process_seqs] Processed 111112 reads in 15.496 CPU sec, 15.383 real sec
[M::process] read 111112 sequences (10000080 bp)...
[M::mem_process_seqs] Processed 111112 reads in 15.568 CPU sec, 15.448 real sec
[M::process] read 111112 sequences (10000080 bp)...
[M::mem_process_seqs] Processed 111112 reads in 15.416 CPU sec, 15.305 real sec
[M::process] read 111112 sequences (10000080 bp)...
[M::mem_process_seqs] Processed 111112 reads in 15.684 CPU sec, 15.560 real sec
[M::process] read 111112 sequences (10000080 bp)...
[M::mem_process_seqs] Processed 111112 reads in 15.812 CPU sec, 15.701 real sec
[M::process] read 111112 sequences (10000080 bp)...
[M::mem_process_seqs] Processed 111112 reads in 16.280 CPU sec, 16.154 real sec
[M::process] read 111112 sequences (10000080 bp)...
[M::mem_process_seqs] Processed 111112 reads in 15.584 CPU sec, 15.464 real sec
[M::process] read 111112 sequences (10000080 bp)...
[M::mem_process_seqs] Processed 111112 reads in 15.088 CPU sec, 14.982 real sec
[M::process] read 111112 sequences (10000080 bp)...
[M::mem_process_seqs] Processed 111112 reads in 15.388 CPU sec, 15.252 real sec
[M::process] read 111112 sequences (10000080 bp)...
[M::mem_process_seqs] Processed 111112 reads in 15.388 CPU sec, 15.271 real sec
[M::process] read 111112 sequences (10000080 bp)...
[M::mem_process_seqs] Processed 111112 reads in 15.816 CPU sec, 15.686 real sec
[M::process] read 111112 sequences (10000080 bp)...
[M::mem_process_seqs] Processed 111112 reads in 15.728 CPU sec, 15.596 real sec
[M::process] read 111112 sequences (10000080 bp)...
[M::mem_process_seqs] Processed 111112 reads in 15.556 CPU sec, 15.433 real sec
[M::process] read 111112 sequences (10000080 bp)...
[M::mem_process_seqs] Processed 111112 reads in 16.116 CPU sec, 15.986 real sec
[M::process] read 111112 sequences (10000080 bp)...
[M::mem_process_seqs] Processed 111112 reads in 15.776 CPU sec, 15.656 real sec
[M::process] read 111112 sequences (10000080 bp)...
[M::mem_process_seqs] Processed 111112 reads in 15.696 CPU sec, 15.562 real sec
[M::process] read 111112 sequences (10000080 bp)...
[M::mem_process_seqs] Processed 111112 reads in 15.980 CPU sec, 15.888 real sec
[M::process] read 111112 sequences (10000080 bp)...
[M::mem_process_seqs] Processed 111112 reads in 15.880 CPU sec, 15.748 real sec
[M::process] read 111112 sequences (10000080 bp)...
[M::mem_process_seqs] Processed 111112 reads in 15.816 CPU sec, 15.703 real sec
[M::process] read 111112 sequences (10000080 bp)...
[M::mem_process_seqs] Processed 111112 reads in 15.620 CPU sec, 15.474 real sec
[M::process] read 111112 sequences (10000080 bp)...
[M::mem_process_seqs] Processed 111112 reads in 15.088 CPU sec, 14.980 real sec
[M::process] read 111112 sequences (10000080 bp)...
[M::mem_process_seqs] Processed 111112 reads in 16.092 CPU sec, 15.974 real sec
[M::process] read 111112 sequences (10000080 bp)...
[M::mem_process_seqs] Processed 111112 reads in 16.152 CPU sec, 15.992 real sec
[M::process] read 111112 sequences (10000080 bp)...
[M::mem_process_seqs] Processed 111112 reads in 16.588 CPU sec, 16.449 real sec
[M::process] read 111112 sequences (10000080 bp)...
[M::mem_process_seqs] Processed 111112 reads in 16.112 CPU sec, 15.998 real sec
[M::process] read 111112 sequences (10000080 bp)...
[M::mem_process_seqs] Processed 111112 reads in 16.216 CPU sec, 16.080 real sec
[M::process] read 111112 sequences (10000080 bp)...
[M::mem_process_seqs] Processed 111112 reads in 15.764 CPU sec, 15.642 real sec
[M::process] read 111112 sequences (10000080 bp)...
[M::mem_process_seqs] Processed 111112 reads in 15.664 CPU sec, 15.522 real sec
[M::process] read 111112 sequences (10000080 bp)...
[M::mem_process_seqs] Processed 111112 reads in 16.380 CPU sec, 16.258 real sec
[M::process] read 111112 sequences (10000080 bp)...
[M::mem_process_seqs] Processed 111112 reads in 16.104 CPU sec, 15.957 real sec
[M::process] read 111112 sequences (10000080 bp)...
[M::mem_process_seqs] Processed 111112 reads in 15.392 CPU sec, 15.278 real sec
[M::process] read 111112 sequences (10000080 bp)...
[M::mem_process_seqs] Processed 111112 reads in 15.520 CPU sec, 15.335 real sec
[M::process] read 111112 sequences (10000080 bp)...
[M::mem_process_seqs] Processed 111112 reads in 16.192 CPU sec, 16.115 real sec
[M::process] read 111112 sequences (10000080 bp)...
[M::mem_process_seqs] Processed 111112 reads in 15.772 CPU sec, 15.668 real sec
[M::process] read 111112 sequences (10000080 bp)...
[M::mem_process_seqs] Processed 111112 reads in 15.416 CPU sec, 15.303 real sec
[M::process] read 111112 sequences (10000080 bp)...
[M::mem_process_seqs] Processed 111112 reads in 15.592 CPU sec, 15.461 real sec
[M::process] read 111112 sequences (10000080 bp)...
[M::mem_process_seqs] Processed 111112 reads in 15.264 CPU sec, 15.118 real sec
[M::process] read 111112 sequences (10000080 bp)...
[M::mem_process_seqs] Processed 111112 reads in 15.296 CPU sec, 15.179 real sec
[M::process] read 111112 sequences (10000080 bp)...
[M::mem_process_seqs] Processed 111112 reads in 14.932 CPU sec, 14.831 real sec
[M::process] read 34501 sequences (3105090 bp)...
[M::mem_process_seqs] Processed 111112 reads in 16.660 CPU sec, 16.576 real sec
[M::mem_process_seqs] Processed 34501 reads in 5.132 CPU sec, 5.069 real sec
[main] Version: 0.7.12-r1039
[main] CMD: bwa mem -R @RG\tID:A\tSM:A -t 1 data/genome.fa data/samples/A.fastq
[main] Real time: 922.850 sec; CPU: 872.148 sec
