[M::bwa_idx_load_from_disk] read 0 ALT contigs
[M::process] read 111112 sequences (10000080 bp)...
[M::process] read 111112 sequences (10000080 bp)...
[M::mem_process_seqs] Processed 111112 reads in 15.008 CPU sec, 14.947 real sec
[M::process] read 111112 sequences (10000080 bp)...
[M::mem_process_seqs] Processed 111112 reads in 14.812 CPU sec, 14.688 real sec
[M::process] read 111112 sequences (10000080 bp)...
[M::mem_process_seqs] Processed 111112 reads in 14.836 CPU sec, 14.720 real sec
[M::process] read 111112 sequences (10000080 bp)...
[M::mem_process_seqs] Processed 111112 reads in 14.940 CPU sec, 14.832 real sec
[M::process] read 111112 sequences (10000080 bp)...
[M::mem_process_seqs] Processed 111112 reads in 15.316 CPU sec, 15.200 real sec
[M::process] read 111112 sequences (10000080 bp)...
[M::mem_process_seqs] Processed 111112 reads in 14.996 CPU sec, 14.844 real sec
[M::process] read 111112 sequences (10000080 bp)...
[M::mem_process_seqs] Processed 111112 reads in 14.836 CPU sec, 14.719 real sec
[M::process] read 111112 sequences (10000080 bp)...
[M::mem_process_seqs] Processed 111112 reads in 15.044 CPU sec, 14.937 real sec
[M::process] read 111112 sequences (10000080 bp)...
[M::mem_process_seqs] Processed 111112 reads in 14.984 CPU sec, 14.866 real sec
[M::process] read 111112 sequences (10000080 bp)...
[M::mem_process_seqs] Processed 111112 reads in 14.636 CPU sec, 14.507 real sec
[M::process] read 111112 sequences (10000080 bp)...
[M::mem_process_seqs] Processed 111112 reads in 14.984 CPU sec, 14.854 real sec
[M::process] read 111112 sequences (10000080 bp)...
[M::mem_process_seqs] Processed 111112 reads in 15.232 CPU sec, 15.077 real sec
[M::process] read 111112 sequences (10000080 bp)...
[M::mem_process_seqs] Processed 111112 reads in 14.992 CPU sec, 14.869 real sec
[M::process] read 111112 sequences (10000080 bp)...
[M::mem_process_seqs] Processed 111112 reads in 15.100 CPU sec, 14.978 real sec
[M::process] read 111112 sequences (10000080 bp)...
[M::mem_process_seqs] Processed 111112 reads in 14.940 CPU sec, 14.799 real sec
[M::process] read 111112 sequences (10000080 bp)...
[M::mem_process_seqs] Processed 111112 reads in 15.016 CPU sec, 14.907 real sec
[M::process] read 111112 sequences (10000080 bp)...
[M::mem_process_seqs] Processed 111112 reads in 15.632 CPU sec, 15.504 real sec
[M::process] read 111112 sequences (10000080 bp)...
[M::mem_process_seqs] Processed 111112 reads in 15.344 CPU sec, 15.174 real sec
[M::process] read 111112 sequences (10000080 bp)...
[M::mem_process_seqs] Processed 111112 reads in 15.000 CPU sec, 14.862 real sec
[M::process] read 111112 sequences (10000080 bp)...
[M::mem_process_seqs] Processed 111112 reads in 15.920 CPU sec, 15.767 real sec
[M::process] read 111112 sequences (10000080 bp)...
[M::mem_process_seqs] Processed 111112 reads in 15.416 CPU sec, 15.292 real sec
[M::process] read 111112 sequences (10000080 bp)...
[M::mem_process_seqs] Processed 111112 reads in 15.324 CPU sec, 15.212 real sec
[M::process] read 111112 sequences (10000080 bp)...
[M::mem_process_seqs] Processed 111112 reads in 15.472 CPU sec, 15.348 real sec
[M::process] read 111112 sequences (10000080 bp)...
[M::mem_process_seqs] Processed 111112 reads in 16.100 CPU sec, 15.988 real sec
[M::process] read 111112 sequences (10000080 bp)...
[M::mem_process_seqs] Processed 111112 reads in 15.848 CPU sec, 15.702 real sec
[M::process] read 111112 sequences (10000080 bp)...
[M::mem_process_seqs] Processed 111112 reads in 15.320 CPU sec, 15.200 real sec
[M::process] read 111112 sequences (10000080 bp)...
[M::mem_process_seqs] Processed 111112 reads in 15.060 CPU sec, 14.882 real sec
[M::process] read 111112 sequences (10000080 bp)...
[M::mem_process_seqs] Processed 111112 reads in 15.188 CPU sec, 15.058 real sec
[M::process] read 111112 sequences (10000080 bp)...
[M::mem_process_seqs] Processed 111112 reads in 15.372 CPU sec, 15.247 real sec
[M::process] read 111112 sequences (10000080 bp)...
[M::mem_process_seqs] Processed 111112 reads in 15.520 CPU sec, 15.402 real sec
[M::process] read 111112 sequences (10000080 bp)...
[M::mem_process_seqs] Processed 111112 reads in 15.864 CPU sec, 15.729 real sec
[M::process] read 111112 sequences (10000080 bp)...
[M::mem_process_seqs] Processed 111112 reads in 15.776 CPU sec, 15.648 real sec
[M::process] read 111112 sequences (10000080 bp)...
[M::mem_process_seqs] Processed 111112 reads in 15.268 CPU sec, 15.102 real sec
[M::process] read 111112 sequences (10000080 bp)...
[M::mem_process_seqs] Processed 111112 reads in 15.284 CPU sec, 15.157 real sec
[M::process] read 111112 sequences (10000080 bp)...
[M::mem_process_seqs] Processed 111112 reads in 15.304 CPU sec, 15.185 real sec
[M::process] read 111112 sequences (10000080 bp)...
[M::mem_process_seqs] Processed 111112 reads in 15.376 CPU sec, 15.259 real sec
[M::process] read 111112 sequences (10000080 bp)...
[M::mem_process_seqs] Processed 111112 reads in 15.864 CPU sec, 15.748 real sec
[M::process] read 111112 sequences (10000080 bp)...
[M::mem_process_seqs] Processed 111112 reads in 16.384 CPU sec, 16.251 real sec
[M::process] read 111112 sequences (10000080 bp)...
[M::mem_process_seqs] Processed 111112 reads in 15.824 CPU sec, 15.701 real sec
[M::process] read 111112 sequences (10000080 bp)...
[M::mem_process_seqs] Processed 111112 reads in 16.484 CPU sec, 16.362 real sec
[M::process] read 111112 sequences (10000080 bp)...
[M::mem_process_seqs] Processed 111112 reads in 15.576 CPU sec, 15.430 real sec
[M::process] read 111112 sequences (10000080 bp)...
[M::mem_process_seqs] Processed 111112 reads in 15.100 CPU sec, 14.965 real sec
[M::process] read 111112 sequences (10000080 bp)...
[M::mem_process_seqs] Processed 111112 reads in 14.908 CPU sec, 14.792 real sec
[M::process] read 111112 sequences (10000080 bp)...
[M::mem_process_seqs] Processed 111112 reads in 15.956 CPU sec, 15.848 real sec
[M::process] read 111112 sequences (10000080 bp)...
[M::mem_process_seqs] Processed 111112 reads in 15.504 CPU sec, 15.338 real sec
[M::process] read 111112 sequences (10000080 bp)...
[M::mem_process_seqs] Processed 111112 reads in 16.156 CPU sec, 15.999 real sec
[M::process] read 111112 sequences (10000080 bp)...
[M::mem_process_seqs] Processed 111112 reads in 16.212 CPU sec, 16.121 real sec
[M::process] read 111112 sequences (10000080 bp)...
[M::mem_process_seqs] Processed 111112 reads in 16.532 CPU sec, 16.416 real sec
[M::process] read 111112 sequences (10000080 bp)...
[M::mem_process_seqs] Processed 111112 reads in 17.660 CPU sec, 17.510 real sec
[M::process] read 111112 sequences (10000080 bp)...
[M::mem_process_seqs] Processed 111112 reads in 17.184 CPU sec, 17.097 real sec
[M::process] read 111112 sequences (10000080 bp)...
[M::mem_process_seqs] Processed 111112 reads in 17.576 CPU sec, 17.438 real sec
[M::process] read 111112 sequences (10000080 bp)...
[M::mem_process_seqs] Processed 111112 reads in 16.648 CPU sec, 16.531 real sec
[M::process] read 111112 sequences (10000080 bp)...
[M::mem_process_seqs] Processed 111112 reads in 17.480 CPU sec, 17.338 real sec
[M::process] read 111112 sequences (10000080 bp)...
[M::mem_process_seqs] Processed 111112 reads in 15.992 CPU sec, 15.842 real sec
[M::process] read 34501 sequences (3105090 bp)...
[M::mem_process_seqs] Processed 111112 reads in 16.844 CPU sec, 16.774 real sec
[M::mem_process_seqs] Processed 34501 reads in 4.808 CPU sec, 4.751 real sec
[main] Version: 0.7.12-r1039
[main] CMD: bwa mem -R @RG\tID:B\tSM:B -t 1 data/genome.fa data/samples/B.fastq
[main] Real time: 915.653 sec; CPU: 866.808 sec
